Arguments: 
  /home/crux/.nvm/versions/node/v16.13.1/bin/node /home/crux/.nvm/versions/node/v16.13.1/bin/yarn --network-timeout 100000

PATH: 
  /home/crux/.nvm/versions/node/v16.13.1/bin:/usr/local/sbin:/usr/local/bin:/usr/sbin:/usr/bin:/sbin:/bin:/usr/games:/usr/local/games:/usr/lib/wsl/lib:/mnt/c/WINDOWS/system32:/mnt/c/WINDOWS:/mnt/c/WINDOWS/System32/Wbem:/mnt/c/WINDOWS/System32/WindowsPowerShell/v1.0/:/mnt/c/WINDOWS/System32/OpenSSH/:/mnt/c/Program Files/Docker/Docker/resources/bin:/mnt/c/ProgramData/DockerDesktop/version-bin:/mnt/c/src/flutter/bin:/mnt/c/Program Files/Git/cmd:/mnt/c/Users/ntwar/AppData/Local/Microsoft/WindowsApps:/mnt/c/Program Files/JetBrains/IntelliJ IDEA 2021.2.3/bin:/mnt/c/Users/ntwar/AppData/Local/Programs/Microsoft VS Code/bin:/mnt/c/Program Files (x86)/Nmap:/snap/bin

Yarn version: 
  1.22.17

Node version: 
  16.13.1

Platform: 
  linux x64

Trace: 
  Error: ENOENT: no such file or directory, copyfile '/home/crux/.cache/yarn/v6/npm-ignore-5.2.0-6d3bac8fa7fe0d45d9f9be7bac2fc279577e345a-integrity/node_modules/ignore/LICENSE-MIT' -> '/home/crux/projects/mine/luckyscore/node_modules/@typescript-eslint/eslint-plugin/node_modules/ignore/LICENSE-MIT'

npm manifest: 
  {
    "name": "luckyscore",
    "version": "0.0.0",
    "license": "MIT",
    "scripts": {
      "dev": "pnpm lint && vite",
      "build": "vue-tsc --noEmit && vite build",
      "preview": "vite preview",
      "lint": "eslint --ext .js,.ts,.vue --ignore-path .gitignore --fix src",
      "format": "prettier .  --write"
    },
    "dependencies": {
      "@headlessui/vue": "^1.4.3",
      "@supabase/supabase-js": "^1.29.4",
      "vue": "^3.2.29",
      "vue-router": "^4.0.12",
      "vue-toastification": "^2.0.0-rc.5"
    },
    "devDependencies": {
      "@typescript-eslint/eslint-plugin": "^5.10.1",
      "@typescript-eslint/parser": "^5.10.1",
      "@vitejs/plugin-vue": "^2.1.0",
      "@vue/compiler-sfc": "^3.2.29",
      "@vue/eslint-config-prettier": "^7.0.0",
      "@vue/eslint-config-typescript": "^10.0.0",
      "autoprefixer": "^10.4.2",
      "eslint": "^8.7.0",
      "eslint-plugin-prettier": "^4.0.0",
      "eslint-plugin-vue": "^8.3.0",
      "postcss": "^8.4.5",
      "prettier": "^2.5.1",
      "sass": "^1.49.0",
      "tailwindcss": "^3.0.16",
      "typescript": "^4.5.5",
      "vite": "^2.7.13",
      "vite-plugin-eslint": "^1.3.0",
      "vue-tsc": "^0.31.1"
    }
  }

yarn manifest: 
  No manifest

Lockfile: 
  No lockfile
